<?xml version="1.0" encoding="UTF-8"?>
<!-- Generated by org.testng.reporters.JUnitReportReporter -->
<testsuite hostname="YOGITA" failures="0" tests="4" name="testNGExcludeMethod.ExcludeMethods" time="0.022" errors="0" timestamp="2023-12-22T13:31:42 IST" skipped="0">
  <testcase classname="testNGExcludeMethod.ExcludeMethods" name="c" time="0.003">
    <system-out>
      <![CDATA[method c is running]]>
    </system-out>
  </testcase> <!-- c -->
  <testcase classname="testNGExcludeMethod.ExcludeMethods" name="a" time="0.013">
    <system-out>
      <![CDATA[method a is running]]>
    </system-out>
  </testcase> <!-- a -->
  <testcase classname="testNGExcludeMethod.ExcludeMethods" name="b" time="0.002">
    <system-out>
      <![CDATA[method b is running]]>
    </system-out>
  </testcase> <!-- b -->
  <testcase classname="testNGExcludeMethod.ExcludeMethods" name="d" time="0.004">
    <system-out>
      <![CDATA[method d is running]]>
    </system-out>
  </testcase> <!-- d -->
  <system-out>
    <![CDATA[method a is running
method b is running
method c is running
method d is running]]>
  </system-out>
</testsuite> <!-- testNGExcludeMethod.ExcludeMethods -->
