<?xml version="1.0" encoding="UTF-8"?>
<!-- Generated by org.testng.reporters.JUnitReportReporter -->
<testsuite hostname="YOGITA" failures="0" tests="5" name="testNG_Keywords.EnvocationKeyword" time="0.023" errors="0" timestamp="2023-12-20T21:17:42 IST" skipped="0">
  <testcase classname="testNG_Keywords.EnvocationKeyword" name="a" time="0.012">
    <system-out>
      <![CDATA[a is running]]>
    </system-out>
  </testcase> <!-- a -->
  <testcase classname="testNG_Keywords.EnvocationKeyword" name="c" time="0.002">
    <system-out>
      <![CDATA[c is running]]>
    </system-out>
  </testcase> <!-- c -->
  <testcase classname="testNG_Keywords.EnvocationKeyword" name="d" time="0.002">
    <system-out>
      <![CDATA[d is running]]>
    </system-out>
  </testcase> <!-- d -->
  <testcase classname="testNG_Keywords.EnvocationKeyword" name="b" time="0.003">
    <system-out>
      <![CDATA[b is running]]>
    </system-out>
  </testcase> <!-- b -->
  <testcase classname="testNG_Keywords.EnvocationKeyword" name="b" time="0.004">
    <system-out>
      <![CDATA[b is running]]>
    </system-out>
  </testcase> <!-- b -->
  <system-out>
    <![CDATA[a is running
b is running
b is running
c is running
d is running]]>
  </system-out>
</testsuite> <!-- testNG_Keywords.EnvocationKeyword -->
