<?xml version="1.0" encoding="UTF-8"?>
<!-- Generated by org.testng.reporters.JUnitReportReporter -->
<testsuite hostname="YOGITA" failures="0" tests="2" name="testNG.Annotations" time="0.006" errors="0" timestamp="2023-12-20T19:13:33 IST" skipped="0">
  <testcase classname="testNG.Annotations" name="TC1" time="0.003">
    <system-out>
      <![CDATA[hello this is testcase1]]>
    </system-out>
  </testcase> <!-- TC1 -->
  <testcase classname="testNG.Annotations" name="TC2" time="0.003">
    <system-out>
      <![CDATA[hello this is testcase2]]>
    </system-out>
  </testcase> <!-- TC2 -->
  <system-out>
    <![CDATA[before suit method
before suit is running
before test is running
beforeClass method
before method
hello this is testcase1
after method
before method
hello this is testcase2
after method
afterClass method
Before class is running
Before method is running
Test Case1 is running
after method is running
Before method is running
Test Case2 is running
after method is running
after class is running
before class is running
before method is running
test case3 is running
after method is running
before method is running
test case4 is running
after method is running
after class is running
after test is running
afterSuit method
after suit is running]]>
  </system-out>
</testsuite> <!-- testNG.Annotations -->
