<?xml version="1.0" encoding="UTF-8"?>
<!-- Generated by org.testng.reporters.JUnitReportReporter -->
<testsuite hostname="YOGITA" failures="0" tests="1" name="testNG1_Test.CF_TC512_ValidateErrorMessage" time="14.491" errors="0" timestamp="2024-01-06T13:28:17 IST" skipped="0">
  <testcase classname="testNG1_Test.CF_TC512_ValidateErrorMessage" name="CF_TC512_ValidateErrorMessageForPinCodeField" time="14.491">
    <system-out>
      <![CDATA[error message is display ]]>
    </system-out>
  </testcase> <!-- CF_TC512_ValidateErrorMessageForPinCodeField -->
  <system-out>
    <![CDATA[Browser luanching
Click on gender button
Click on Next button
handeling dropDown 
Click on next button
Entering pin code
entering mobile number
Click on continue button
error message is display 
Browser closing ]]>
  </system-out>
</testsuite> <!-- testNG1_Test.CF_TC512_ValidateErrorMessage -->
