<?xml version="1.0" encoding="UTF-8"?>
<!-- Generated by org.testng.reporters.JUnitReportReporter -->
<testsuite hostname="YOGITA" failures="0" tests="4" name="testNG_Keywords.PriorityKeyword" time="0.022" errors="0" timestamp="2023-12-22T13:32:30 IST" skipped="0">
  <testcase classname="testNG_Keywords.PriorityKeyword" name="c" time="0.013">
    <system-out>
      <![CDATA[c is running]]>
    </system-out>
  </testcase> <!-- c -->
  <testcase classname="testNG_Keywords.PriorityKeyword" name="b" time="0.002">
    <system-out>
      <![CDATA[b is running]]>
    </system-out>
  </testcase> <!-- b -->
  <testcase classname="testNG_Keywords.PriorityKeyword" name="d" time="0.004">
    <system-out>
      <![CDATA[d is running]]>
    </system-out>
  </testcase> <!-- d -->
  <testcase classname="testNG_Keywords.PriorityKeyword" name="a" time="0.003">
    <system-out>
      <![CDATA[a is running]]>
    </system-out>
  </testcase> <!-- a -->
  <system-out>
    <![CDATA[c is running
b is running
d is running
a is running]]>
  </system-out>
</testsuite> <!-- testNG_Keywords.PriorityKeyword -->
