<?xml version="1.0" encoding="UTF-8"?>
<!-- Generated by org.testng.reporters.JUnitReportReporter -->
<testsuite hostname="YOGITA" failures="0" tests="1" name="testNG_Assertion.Soft_Assertion" time="0.019" errors="0" timestamp="2023-12-26T19:01:40 IST" skipped="0">
  <testcase classname="testNG_Assertion.Soft_Assertion" name="f" time="0.019"/>
</testsuite> <!-- testNG_Assertion.Soft_Assertion -->
