<?xml version="1.0" encoding="UTF-8"?>
<!-- Generated by org.testng.reporters.JUnitReportReporter -->
<testsuite hostname="YOGITA" failures="0" tests="4" name="testNG_Keywords.EnableKey" time="0.018" errors="0" timestamp="2023-12-20T21:22:31 IST" skipped="1">
  <testcase classname="testNG_Keywords.EnableKey" name="a" time="0.012">
    <system-out>
      <![CDATA[a is running]]>
    </system-out>
  </testcase> <!-- a -->
  <testcase classname="testNG_Keywords.EnableKey" name="b" time="0.001">
    <system-out>
      <![CDATA[b is running]]>
    </system-out>
  </testcase> <!-- b -->
  <testcase classname="testNG_Keywords.EnableKey" name="d" time="0.005">
    <system-out>
      <![CDATA[d is running]]>
    </system-out>
  </testcase> <!-- d -->
  <testcase classname="testNG_Keywords.EnableKey" name="c">
    <skipped/>
  </testcase> <!-- c -->
  <system-out>
    <![CDATA[a is running
b is running
d is running]]>
  </system-out>
</testsuite> <!-- testNG_Keywords.EnableKey -->
