<?xml version="1.0" encoding="UTF-8"?>
<!-- Generated by org.testng.reporters.JUnitReportReporter -->
<testsuite hostname="YOGITA" failures="0" tests="4" name="testNG_Keywords.DependsOnMethodsKey" time="0.021" errors="0" timestamp="2023-12-21T10:05:27 IST" skipped="0">
  <testcase classname="testNG_Keywords.DependsOnMethodsKey" name="a" time="0.014">
    <system-out>
      <![CDATA[a is running]]>
    </system-out>
  </testcase> <!-- a -->
  <testcase classname="testNG_Keywords.DependsOnMethodsKey" name="b" time="0.002">
    <system-out>
      <![CDATA[b is running]]>
    </system-out>
  </testcase> <!-- b -->
  <testcase classname="testNG_Keywords.DependsOnMethodsKey" name="c" time="0.002">
    <system-out>
      <![CDATA[c is running]]>
    </system-out>
  </testcase> <!-- c -->
  <testcase classname="testNG_Keywords.DependsOnMethodsKey" name="d" time="0.003">
    <system-out>
      <![CDATA[d is running]]>
    </system-out>
  </testcase> <!-- d -->
  <system-out>
    <![CDATA[a is running
c is running
d is running
b is running]]>
  </system-out>
</testsuite> <!-- testNG_Keywords.DependsOnMethodsKey -->
