<?xml version="1.0" encoding="UTF-8"?>
<!-- Generated by org.testng.reporters.JUnitReportReporter -->
<testsuite hostname="YOGITA" failures="0" tests="1" name="testNG_Coverfox_Insurance.CF_TC555_ValidateSearchResultPolicyFromTextAndBanners" time="28.695" errors="0" timestamp="2023-12-29T11:49:50 IST" skipped="0">
  <testcase classname="testNG_Coverfox_Insurance.CF_TC555_ValidateSearchResultPolicyFromTextAndBanners" name="CF_TC555_ValidateSearchResultPolicy" time="28.695">
    <system-out>
      <![CDATA[Fetching result from text 
Fetching result from banners ]]>
    </system-out>
  </testcase> <!-- CF_TC555_ValidateSearchResultPolicy -->
  <system-out>
    <![CDATA[Browser luanching
Click on gender button
Click on Next button
handeling dropDown 
Click on next button
Entering pin code
entering mobile number
Click on continue button
Fetching result from text 
Fetching result from banners 
Browser closing ]]>
  </system-out>
</testsuite> <!-- testNG_Coverfox_Insurance.CF_TC555_ValidateSearchResultPolicyFromTextAndBanners -->
