<?xml version="1.0" encoding="UTF-8"?>
<!-- Generated by org.testng.reporters.JUnitReportReporter -->
<testsuite hostname="YOGITA" failures="0" tests="4" name="testNGExcludeMethod.TestCase1" time="0.021" errors="0" timestamp="2023-12-22T13:41:42 IST" skipped="0">
  <testcase classname="testNGExcludeMethod.TestCase1" name="TC4" time="0.004">
    <system-out>
      <![CDATA[testcase4 is running]]>
    </system-out>
  </testcase> <!-- TC4 -->
  <testcase classname="testNGExcludeMethod.TestCase1" name="TC3" time="0.002">
    <system-out>
      <![CDATA[testcase3 is running]]>
    </system-out>
  </testcase> <!-- TC3 -->
  <testcase classname="testNGExcludeMethod.TestCase1" name="TC2" time="0.012">
    <system-out>
      <![CDATA[testcase2 is running]]>
    </system-out>
  </testcase> <!-- TC2 -->
  <testcase classname="testNGExcludeMethod.TestCase1" name="TC1" time="0.003">
    <system-out>
      <![CDATA[testcase1 is running]]>
    </system-out>
  </testcase> <!-- TC1 -->
  <system-out>
    <![CDATA[testcase2 is running
testcase3 is running
testcase4 is running
testcase1 is running]]>
  </system-out>
</testsuite> <!-- testNGExcludeMethod.TestCase1 -->
