<?xml version="1.0" encoding="UTF-8"?>
<!-- Generated by org.testng.reporters.JUnitReportReporter -->
<testsuite hostname="YOGITA" failures="0" tests="2" name="testNGExcludeMethod.TestCase2" time="0.014" errors="0" timestamp="2023-12-22T11:46:30 IST" skipped="0">
  <testcase classname="testNGExcludeMethod.TestCase2" name="TC8" time="0.002">
    <system-out>
      <![CDATA[testcase8 is running]]>
    </system-out>
  </testcase> <!-- TC8 -->
  <testcase classname="testNGExcludeMethod.TestCase2" name="TC6" time="0.012">
    <system-out>
      <![CDATA[testcase6 is running]]>
    </system-out>
  </testcase> <!-- TC6 -->
  <system-out>
    <![CDATA[testcase6 is running
testcase8 is running
testcase1 is running
testcase2 is running
testcase3 is running]]>
  </system-out>
</testsuite> <!-- testNGExcludeMethod.TestCase2 -->
