<?xml version="1.0" encoding="UTF-8"?>
<!-- Generated by org.testng.reporters.JUnitReportReporter -->
<testsuite hostname="YOGITA" failures="0" tests="2" name="testNG_Excecution.Parallel_Amazon" time="8.266" errors="0" timestamp="2023-12-27T18:04:39 IST" skipped="0">
  <testcase classname="testNG_Excecution.Parallel_Amazon" name="amazon" time="5.732"/>
  <testcase classname="testNG_Excecution.Parallel_Amazon" name="flipkart" time="2.534"/>
</testsuite> <!-- testNG_Excecution.Parallel_Amazon -->
