<?xml version="1.0" encoding="UTF-8"?>
<!-- Generated by org.testng.reporters.JUnitReportReporter -->
<testsuite hostname="YOGITA" failures="0" tests="1" name="testNG_Pacakage.NewTestCase" time="8.901" errors="0" timestamp="2023-12-19T19:05:49 IST" skipped="0">
  <testcase classname="testNG_Pacakage.NewTestCase" name="f" time="8.901"/>
</testsuite> <!-- testNG_Pacakage.NewTestCase -->
