<?xml version="1.0" encoding="UTF-8"?>
<!-- Generated by org.testng.reporters.JUnitReportReporter -->
<testsuite hostname="YOGITA" failures="0" tests="2" name="testNG.TestCase1" time="0.012" errors="0" timestamp="2023-12-20T19:14:45 IST" skipped="0">
  <testcase classname="testNG.TestCase1" name="testCase2" time="0.003">
    <system-out>
      <![CDATA[Test Case2 is running]]>
    </system-out>
  </testcase> <!-- testCase2 -->
  <testcase classname="testNG.TestCase1" name="testCase1" time="0.009">
    <system-out>
      <![CDATA[Test Case1 is running]]>
    </system-out>
  </testcase> <!-- testCase1 -->
  <system-out>
    <![CDATA[before suit is running
before test is running
Before class is running
Before method is running
Test Case1 is running
after method is running
Before method is running
Test Case2 is running
after method is running
after class is running
before class is running
before method is running
test case3 is running
after method is running
before method is running
test case4 is running
after method is running
after class is running
after test is running
after suit is running]]>
  </system-out>
</testsuite> <!-- testNG.TestCase1 -->
