<?xml version="1.0" encoding="UTF-8"?>
<!-- Generated by org.testng.reporters.JUnitReportReporter -->
<testsuite hostname="YOGITA" failures="0" tests="3" name="testNG_DataProvider.FbCreateAccount" time="15.506" errors="0" timestamp="2023-12-26T23:08:04 IST" skipped="0">
  <testcase classname="testNG_DataProvider.FbCreateAccount" name="fbAccount" time="4.565"/>
  <testcase classname="testNG_DataProvider.FbCreateAccount" name="fbAccount" time="6.457"/>
  <testcase classname="testNG_DataProvider.FbCreateAccount" name="fbAccount" time="4.484"/>
</testsuite> <!-- testNG_DataProvider.FbCreateAccount -->
