<?xml version="1.0" encoding="UTF-8"?>
<!-- Generated by org.testng.reporters.JUnitReportReporter -->
<testsuite hostname="YOGITA" failures="0" tests="1" name="testNG_Excecution.Parallel_Instagram" time="6.859" errors="0" timestamp="2023-12-26T14:22:37 IST" skipped="0">
  <testcase classname="testNG_Excecution.Parallel_Instagram" name="Instagram" time="6.859"/>
</testsuite> <!-- testNG_Excecution.Parallel_Instagram -->
