<?xml version="1.0" encoding="UTF-8"?>
<!-- Generated by org.testng.reporters.JUnitReportReporter -->
<testsuite hostname="YOGITA" failures="0" tests="1" name="testNG_CrossBrowserTesting.Firefox_Launching" time="10.616" errors="0" timestamp="2023-12-26T19:09:02 IST" skipped="0">
  <testcase classname="testNG_CrossBrowserTesting.Firefox_Launching" name="f" time="10.616"/>
</testsuite> <!-- testNG_CrossBrowserTesting.Firefox_Launching -->
