<?xml version="1.0" encoding="UTF-8"?>
<!-- Generated by org.testng.reporters.JUnitReportReporter -->
<testsuite hostname="YOGITA" failures="0" tests="3" name="testNG_Keywords.KeywordTestNG" time="0.021" errors="0" timestamp="2023-12-22T13:39:49 IST" skipped="0">
  <testcase classname="testNG_Keywords.KeywordTestNG" name="abc1" time="0.003">
    <system-out>
      <![CDATA[tc 1]]>
    </system-out>
  </testcase> <!-- abc1 -->
  <testcase classname="testNG_Keywords.KeywordTestNG" name="cde1" time="0.014">
    <system-out>
      <![CDATA[tc 3]]>
    </system-out>
  </testcase> <!-- cde1 -->
  <testcase classname="testNG_Keywords.KeywordTestNG" name="bcd1" time="0.004">
    <system-out>
      <![CDATA[tc 2]]>
    </system-out>
  </testcase> <!-- bcd1 -->
  <system-out>
    <![CDATA[tc 3
tc 2
tc 1]]>
  </system-out>
</testsuite> <!-- testNG_Keywords.KeywordTestNG -->
