<?xml version="1.0" encoding="UTF-8"?>
<!-- Generated by org.testng.reporters.JUnitReportReporter -->
<testsuite hostname="YOGITA" failures="0" tests="9" name="testNG_Excecution.Class_Excecution" time="31.368" errors="0" timestamp="2023-12-25T18:11:50 IST" skipped="0">
  <testcase classname="testNG_Excecution.Class_Excecution" name="amazon" time="3.134"/>
  <testcase classname="testNG_Excecution.Class_Excecution" name="instagram" time="2.552"/>
  <testcase classname="testNG_Excecution.Class_Excecution" name="instagram" time="4.387"/>
  <testcase classname="testNG_Excecution.Class_Excecution" name="amazon" time="3.371"/>
  <testcase classname="testNG_Excecution.Class_Excecution" name="instagram" time="2.518"/>
  <testcase classname="testNG_Excecution.Class_Excecution" name="flipkart" time="4.143"/>
  <testcase classname="testNG_Excecution.Class_Excecution" name="amazon" time="4.398"/>
  <testcase classname="testNG_Excecution.Class_Excecution" name="flipkart" time="3.428"/>
  <testcase classname="testNG_Excecution.Class_Excecution" name="flipkart" time="3.437"/>
</testsuite> <!-- testNG_Excecution.Class_Excecution -->
