<?xml version="1.0" encoding="UTF-8"?>
<!-- Generated by org.testng.reporters.JUnitReportReporter -->
<testsuite hostname="YOGITA" failures="0" tests="2" name="testNG_DataProvider.CoverFoxInsurance" time="18.307" errors="0" timestamp="2023-12-28T15:57:46 IST" skipped="0">
  <testcase classname="testNG_DataProvider.CoverFoxInsurance" name="f" time="6.507"/>
  <testcase classname="testNG_DataProvider.CoverFoxInsurance" name="f" time="11.800"/>
</testsuite> <!-- testNG_DataProvider.CoverFoxInsurance -->
