<?xml version="1.0" encoding="UTF-8"?>
<!-- Generated by org.testng.reporters.JUnitReportReporter -->
<testsuite hostname="YOGITA" failures="0" tests="4" name="testNG_Keywords.MixAllKeyWords" time="0.024" errors="0" timestamp="2023-12-21T13:14:20 IST" skipped="1">
  <testcase classname="testNG_Keywords.MixAllKeyWords" name="a" time="0.020">
    <system-out>
      <![CDATA[a is running]]>
    </system-out>
  </testcase> <!-- a -->
  <testcase classname="testNG_Keywords.MixAllKeyWords" name="d" time="0.002">
    <system-out>
      <![CDATA[d is running]]>
    </system-out>
  </testcase> <!-- d -->
  <testcase classname="testNG_Keywords.MixAllKeyWords" name="b" time="0.002">
    <system-out>
      <![CDATA[b is running]]>
    </system-out>
  </testcase> <!-- b -->
  <testcase classname="testNG_Keywords.MixAllKeyWords" name="c">
    <skipped/>
  </testcase> <!-- c -->
  <system-out>
    <![CDATA[a is running
d is running
b is running]]>
  </system-out>
</testsuite> <!-- testNG_Keywords.MixAllKeyWords -->
