<?xml version="1.0" encoding="UTF-8"?>
<!-- Generated by org.testng.reporters.JUnitReportReporter -->
<testsuite hostname="YOGITA" failures="0" tests="2" name="testNG_CrossBrowserTesting.FBLogin" time="19.409" errors="0" timestamp="2023-12-28T12:38:42 IST" skipped="0">
  <testcase classname="testNG_CrossBrowserTesting.FBLogin" name="fbAccount" time="9.050"/>
  <testcase classname="testNG_CrossBrowserTesting.FBLogin" name="fbAccount" time="10.359"/>
</testsuite> <!-- testNG_CrossBrowserTesting.FBLogin -->
